Error: RetryError[<Future at 0x104c194b0 state=finished raised HTTPError>]

Traceback (most recent call last):
  File "/Users/saul/projects/edgar-ai/.venv/lib/python3.10/site-packages/tenacity/__init__.py", line 480, in __call__
    result = fn(*args, **kwargs)
  File "/Users/saul/projects/edgar-ai/src/edgar_ai/clients/llm_gateway.py", line 40, in chat_completions
    resp.raise_for_status()
  File "/Users/saul/projects/edgar-ai/.venv/lib/python3.10/site-packages/requests/models.py", line 1026, in raise_for_status
    raise HTTPError(http_error_msg, response=self)
requests.exceptions.HTTPError: 502 Server Error: Bad Gateway for url: http://localhost:8000/v1/chat/completions

The above exception was the direct cause of the following exception:

Traceback (most recent call last):
  File "/Users/saul/projects/edgar-ai/test_latest_extraction.py", line 53, in <module>
    response = llm_gateway.chat_completions(
  File "/Users/saul/projects/edgar-ai/.venv/lib/python3.10/site-packages/tenacity/__init__.py", line 338, in wrapped_f
    return copy(f, *args, **kw)
  File "/Users/saul/projects/edgar-ai/.venv/lib/python3.10/site-packages/tenacity/__init__.py", line 477, in __call__
    do = self.iter(retry_state=retry_state)
  File "/Users/saul/projects/edgar-ai/.venv/lib/python3.10/site-packages/tenacity/__init__.py", line 378, in iter
    result = action(retry_state)
  File "/Users/saul/projects/edgar-ai/.venv/lib/python3.10/site-packages/tenacity/__init__.py", line 421, in exc_check
    raise retry_exc from fut.exception()
tenacity.RetryError: RetryError[<Future at 0x104c194b0 state=finished raised HTTPError>]
